<?xml version="1.0" encoding="UTF-8"?>
<!-- Generated by org.testng.reporters.JUnitReportReporter -->
<testsuite skipped="0" hostname="prabakve" name="scripts.BackToLoginTest" tests="1" failures="0" timestamp="05 Feb 2018 13:34:09 GMT" time="17.331" errors="0">
  <testcase name="BackToLogin" time="17.331" classname="scripts.BackToLoginTest"/>
</testsuite> <!-- scripts.BackToLoginTest -->
