<?xml version="1.0" encoding="UTF-8"?>
<!-- Generated by org.testng.reporters.JUnitReportReporter -->
<testsuite skipped="0" hostname="prabakve" name="scripts.LoginPageTest" tests="1" failures="0" timestamp="05 Feb 2018 13:34:09 GMT" time="19.925" errors="0">
  <testcase name="InvalidLogin" time="19.925" classname="scripts.LoginPageTest"/>
</testsuite> <!-- scripts.LoginPageTest -->
