<?xml version="1.0" encoding="UTF-8"?>
<!-- Generated by org.testng.reporters.JUnitReportReporter -->
<testsuite skipped="0" hostname="prabakve" name="scripts.ChangePasswordTest" tests="1" failures="0" timestamp="05 Feb 2018 13:34:09 GMT" time="28.987" errors="0">
  <testcase name="ChangePassword" time="28.987" classname="scripts.ChangePasswordTest"/>
</testsuite> <!-- scripts.ChangePasswordTest -->
