<?xml version="1.0" encoding="UTF-8"?>
<!-- Generated by org.testng.reporters.JUnitReportReporter -->
<testsuite skipped="0" hostname="prabakve" name="scripts.ForgotPasswordRecoveryTest" tests="1" failures="0" timestamp="05 Feb 2018 13:34:09 GMT" time="24.004" errors="0">
  <testcase name="RecoveryPassword" time="24.004" classname="scripts.ForgotPasswordRecoveryTest"/>
</testsuite> <!-- scripts.ForgotPasswordRecoveryTest -->
